TN:
SF:/home/anzap/development/src/ngx-print/src/test.ts
FNF:0
FNH:0
DA:15,1
DA:20,1
DA:22,1
LF:3
LH:3
BRF:0
BRH:0
end_of_record
TN:
SF:/home/anzap/development/src/ngx-print/src/lib/ngx-print.directive.ts
FN:5,(anonymous_2)
FN:2,NgxPrintDirective
FN:43,(anonymous_4)
FN:62,(anonymous_5)
FN:80,(anonymous_6)
FN:81,(anonymous_7)
FN:99,(anonymous_8)
FN:102,(anonymous_9)
FN:115,(anonymous_10)
FN:130,(anonymous_11)
FNF:10
FNH:5
FNDA:1,(anonymous_2)
FNDA:3,NgxPrintDirective
FNDA:0,(anonymous_4)
FNDA:0,(anonymous_5)
FNDA:0,(anonymous_6)
FNDA:0,(anonymous_7)
FNDA:0,(anonymous_8)
FNDA:1,(anonymous_9)
FNDA:1,(anonymous_10)
FNDA:1,(anonymous_11)
DA:5,1
DA:7,3
DA:14,1
DA:21,1
DA:28,3
DA:35,3
DA:43,2
DA:44,0
DA:45,0
DA:46,0
DA:49,0
DA:62,1
DA:63,0
DA:73,3
DA:80,2
DA:81,0
DA:82,0
DA:84,0
DA:85,0
DA:86,0
DA:87,0
DA:90,0
DA:99,1
DA:100,0
DA:102,1
DA:103,1
DA:104,1
DA:105,1
DA:106,1
DA:108,1
DA:115,1
DA:116,1
DA:117,1
DA:118,1
DA:119,0
DA:121,1
DA:130,1
DA:131,1
DA:132,1
DA:134,1
DA:135,0
DA:136,0
DA:139,1
DA:140,1
DA:141,1
DA:142,0
DA:166,0
DA:168,1
LF:48
LH:30
BRDA:45,0,0,0
BRDA:45,0,1,0
BRDA:84,1,0,0
BRDA:84,1,1,0
BRDA:134,2,0,0
BRDA:134,2,1,1
BRDA:145,3,0,0
BRDA:145,3,1,0
BRF:8
BRH:1
end_of_record
